2024-07-08 19:47:48,739 DEBUG    root            Loaded Command Group: ['gcloud', 'components']
2024-07-08 19:47:48,741 DEBUG    root            Loaded Command Group: ['gcloud', 'components', 'update']
2024-07-08 19:47:48,744 DEBUG    root            Running [gcloud.components.update] with arguments: [--quiet: "True", COMPONENT-IDS:8: "['gcloud', 'core', 'bq', 'gsutil', 'compute', 'preview', 'alpha', 'beta']"]
2024-07-08 19:47:48,745 INFO     ___FILE_ONLY___ Beginning update. This process may take several minutes.

2024-07-08 19:47:48,754 DEBUG    urllib3.connectionpool Starting new HTTPS connection (1): dl.google.com:443
2024-07-08 19:47:48,887 DEBUG    urllib3.connectionpool https://dl.google.com:443 "GET /dl/cloudsdk/channels/rapid/components-2.json HTTP/1.1" 200 222658
2024-07-08 19:47:48,905 WARNING  root            Component [compute] no longer exists.
2024-07-08 19:47:48,906 WARNING  root            Component [preview] no longer exists.
2024-07-08 19:47:48,907 INFO     ___FILE_ONLY___ 

2024-07-08 19:47:48,907 INFO     ___FILE_ONLY___ 
Your current Google Cloud CLI version is: 483.0.0

2024-07-08 19:47:48,907 INFO     ___FILE_ONLY___ Installing components from version: 483.0.0

2024-07-08 19:47:48,907 INFO     ___FILE_ONLY___ 

2024-07-08 19:47:48,907 DEBUG    root            Chosen display Format:table[box,title="These components will be removed."](details.display_name:label=Name:align=left,version.version_string:label=Version:align=right,data.size.size(zero="",min=1048576):label=Size:align=right)
2024-07-08 19:47:48,908 DEBUG    root            Chosen display Format:table[box,title="These components will be updated."](details.display_name:label=Name:align=left,version.version_string:label=Version:align=right,data.size.size(zero="",min=1048576):label=Size:align=right)
2024-07-08 19:47:48,909 DEBUG    root            Chosen display Format:table[box,title="These components will be installed."](details.display_name:label=Name:align=left,version.version_string:label=Version:align=right,data.size.size(zero="",min=1048576):label=Size:align=right)
2024-07-08 19:47:48,946 INFO     ___FILE_ONLY___ ┌──────────────────────────────────────────────┐
2024-07-08 19:47:48,946 INFO     ___FILE_ONLY___ 

2024-07-08 19:47:48,946 INFO     ___FILE_ONLY___ │     These components will be installed.      │
2024-07-08 19:47:48,946 INFO     ___FILE_ONLY___ 

2024-07-08 19:47:48,947 INFO     ___FILE_ONLY___ ├───────────────────────┬────────────┬─────────┤
2024-07-08 19:47:48,947 INFO     ___FILE_ONLY___ 

2024-07-08 19:47:48,947 INFO     ___FILE_ONLY___ │          Name         │  Version   │   Size  │
2024-07-08 19:47:48,947 INFO     ___FILE_ONLY___ 

2024-07-08 19:47:48,947 INFO     ___FILE_ONLY___ ├───────────────────────┼────────────┼─────────┤
2024-07-08 19:47:48,947 INFO     ___FILE_ONLY___ 

2024-07-08 19:47:48,947 INFO     ___FILE_ONLY___ │ 
2024-07-08 19:47:48,947 INFO     ___FILE_ONLY___ gcloud Alpha Commands
2024-07-08 19:47:48,947 INFO     ___FILE_ONLY___  
2024-07-08 19:47:48,947 INFO     ___FILE_ONLY___ │ 
2024-07-08 19:47:48,947 INFO     ___FILE_ONLY___ 2024.06.28
2024-07-08 19:47:48,947 INFO     ___FILE_ONLY___  
2024-07-08 19:47:48,947 INFO     ___FILE_ONLY___ │ 
2024-07-08 19:47:48,947 INFO     ___FILE_ONLY___ < 1 MiB
2024-07-08 19:47:48,947 INFO     ___FILE_ONLY___  
2024-07-08 19:47:48,948 INFO     ___FILE_ONLY___ │
2024-07-08 19:47:48,948 INFO     ___FILE_ONLY___ 

2024-07-08 19:47:48,948 INFO     ___FILE_ONLY___ │ 
2024-07-08 19:47:48,948 INFO     ___FILE_ONLY___ gcloud Beta Commands 
2024-07-08 19:47:48,948 INFO     ___FILE_ONLY___  
2024-07-08 19:47:48,948 INFO     ___FILE_ONLY___ │ 
2024-07-08 19:47:48,948 INFO     ___FILE_ONLY___ 2024.06.28
2024-07-08 19:47:48,948 INFO     ___FILE_ONLY___  
2024-07-08 19:47:48,948 INFO     ___FILE_ONLY___ │ 
2024-07-08 19:47:48,948 INFO     ___FILE_ONLY___ < 1 MiB
2024-07-08 19:47:48,948 INFO     ___FILE_ONLY___  
2024-07-08 19:47:48,948 INFO     ___FILE_ONLY___ │
2024-07-08 19:47:48,949 INFO     ___FILE_ONLY___ 

2024-07-08 19:47:48,949 INFO     ___FILE_ONLY___ └───────────────────────┴────────────┴─────────┘
2024-07-08 19:47:48,949 INFO     ___FILE_ONLY___ 

2024-07-08 19:47:48,949 INFO     ___FILE_ONLY___ 

2024-07-08 19:47:48,953 DEBUG    urllib3.connectionpool Starting new HTTPS connection (1): dl.google.com:443
2024-07-08 19:47:49,089 DEBUG    urllib3.connectionpool https://dl.google.com:443 "GET /dl/cloudsdk/channels/rapid/RELEASE_NOTES HTTP/1.1" 200 1238234
2024-07-08 19:47:49,124 INFO     ___FILE_ONLY___ For the latest full release notes, please visit:
  https://cloud.google.com/sdk/release_notes


2024-07-08 19:47:49,125 INFO     ___FILE_ONLY___ Performing in place update...


2024-07-08 19:47:49,140 INFO     ___FILE_ONLY___ ╔════════════════════════════════════════════════════════════╗

2024-07-08 19:47:49,140 INFO     ___FILE_ONLY___ ╠═ Downloading: gcloud Alpha Commands                       ═╣

2024-07-08 19:47:49,140 INFO     ___FILE_ONLY___ ╚
2024-07-08 19:47:49,143 DEBUG    urllib3.connectionpool Starting new HTTPS connection (1): dl.google.com:443
2024-07-08 19:47:49,362 DEBUG    urllib3.connectionpool https://dl.google.com:443 "GET /dl/cloudsdk/channels/rapid/components/google-cloud-sdk-alpha-20240628141907.tar.gz HTTP/1.1" 200 800
2024-07-08 19:47:49,363 INFO     ___FILE_ONLY___ ════════════════════════════════════════════════════════════
2024-07-08 19:47:49,363 INFO     ___FILE_ONLY___ ╝

2024-07-08 19:47:49,365 INFO     ___FILE_ONLY___ ╔════════════════════════════════════════════════════════════╗

2024-07-08 19:47:49,366 INFO     ___FILE_ONLY___ ╠═ Downloading: gcloud Beta Commands                        ═╣

2024-07-08 19:47:49,366 INFO     ___FILE_ONLY___ ╚
2024-07-08 19:47:49,373 DEBUG    urllib3.connectionpool Starting new HTTPS connection (1): dl.google.com:443
2024-07-08 19:47:49,512 DEBUG    urllib3.connectionpool https://dl.google.com:443 "GET /dl/cloudsdk/channels/rapid/components/google-cloud-sdk-beta-20240628141907.tar.gz HTTP/1.1" 200 797
2024-07-08 19:47:49,513 INFO     ___FILE_ONLY___ ════════════════════════════════════════════════════════════
2024-07-08 19:47:49,513 INFO     ___FILE_ONLY___ ╝

2024-07-08 19:47:49,515 INFO     ___FILE_ONLY___ ╔════════════════════════════════════════════════════════════╗

2024-07-08 19:47:49,515 INFO     ___FILE_ONLY___ ╠═ Installing: gcloud Alpha Commands                        ═╣

2024-07-08 19:47:49,515 INFO     ___FILE_ONLY___ ╚
2024-07-08 19:47:49,517 INFO     ___FILE_ONLY___ ════════════════════════════════════════════════════════════
2024-07-08 19:47:49,517 INFO     ___FILE_ONLY___ ╝

2024-07-08 19:47:49,523 INFO     ___FILE_ONLY___ ╔════════════════════════════════════════════════════════════╗

2024-07-08 19:47:49,523 INFO     ___FILE_ONLY___ ╠═ Installing: gcloud Beta Commands                         ═╣

2024-07-08 19:47:49,524 INFO     ___FILE_ONLY___ ╚
2024-07-08 19:47:49,524 INFO     ___FILE_ONLY___ ════════════════════════════════════════════════════════════
2024-07-08 19:47:49,524 INFO     ___FILE_ONLY___ ╝

2024-07-08 19:47:49,550 DEBUG    root            Updating notification cache...
2024-07-08 19:47:49,551 INFO     ___FILE_ONLY___ 

2024-07-08 19:47:49,553 INFO     ___FILE_ONLY___ Performing post processing steps...
2024-07-08 19:47:49,553 DEBUG    root            Executing command: ['/tools/google-cloud-sdk/bin/gcloud', 'components', 'post-process']
2024-07-08 19:47:59,744 DEBUG    ___FILE_ONLY___ 
2024-07-08 19:47:59,744 DEBUG    ___FILE_ONLY___ 
2024-07-08 19:47:59,818 INFO     ___FILE_ONLY___ 
Update done!


2024-07-08 19:47:59,822 DEBUG    root            Chosen display Format:none
2024-07-08 19:47:59,823 INFO     root            Display format: "none"
