2024-07-08 19:47:29,591 DEBUG    root            Loaded Command Group: ['gcloud', 'components']
2024-07-08 19:47:29,595 DEBUG    root            Loaded Command Group: ['gcloud', 'components', 'update']
2024-07-08 19:47:29,598 DEBUG    root            Running [gcloud.components.update] with arguments: [--allow-no-backup: "True", --compile-python: "True", --quiet: "True", COMPONENT-IDS:6: "['core', 'gcloud-deps', 'bq', 'gcloud', 'gcloud-crc32c', 'gsutil']"]
2024-07-08 19:47:29,598 INFO     ___FILE_ONLY___ Beginning update. This process may take several minutes.

2024-07-08 19:47:29,627 DEBUG    urllib3.connectionpool Starting new HTTPS connection (1): dl.google.com:443
2024-07-08 19:47:29,761 DEBUG    urllib3.connectionpool https://dl.google.com:443 "GET /dl/cloudsdk/channels/rapid/components-2.json HTTP/1.1" 200 222658
2024-07-08 19:47:29,778 INFO     ___FILE_ONLY___ 

2024-07-08 19:47:29,778 INFO     ___FILE_ONLY___ 
Your current Google Cloud CLI version is: 483.0.0

2024-07-08 19:47:29,779 INFO     ___FILE_ONLY___ Installing components from version: 483.0.0

2024-07-08 19:47:29,779 INFO     ___FILE_ONLY___ 

2024-07-08 19:47:29,779 DEBUG    root            Chosen display Format:table[box,title="These components will be removed."](details.display_name:label=Name:align=left,version.version_string:label=Version:align=right,data.size.size(zero="",min=1048576):label=Size:align=right)
2024-07-08 19:47:29,780 DEBUG    root            Chosen display Format:table[box,title="These components will be updated."](details.display_name:label=Name:align=left,version.version_string:label=Version:align=right,data.size.size(zero="",min=1048576):label=Size:align=right)
2024-07-08 19:47:29,780 DEBUG    root            Chosen display Format:table[box,title="These components will be installed."](details.display_name:label=Name:align=left,version.version_string:label=Version:align=right,data.size.size(zero="",min=1048576):label=Size:align=right)
2024-07-08 19:47:29,912 INFO     ___FILE_ONLY___ ┌─────────────────────────────────────────────────────────────────────────────┐
2024-07-08 19:47:29,912 INFO     ___FILE_ONLY___ 

2024-07-08 19:47:29,912 INFO     ___FILE_ONLY___ │                     These components will be installed.                     │
2024-07-08 19:47:29,912 INFO     ___FILE_ONLY___ 

2024-07-08 19:47:29,912 INFO     ___FILE_ONLY___ ├─────────────────────────────────────────────────────┬────────────┬──────────┤
2024-07-08 19:47:29,912 INFO     ___FILE_ONLY___ 

2024-07-08 19:47:29,912 INFO     ___FILE_ONLY___ │                         Name                        │  Version   │   Size   │
2024-07-08 19:47:29,912 INFO     ___FILE_ONLY___ 

2024-07-08 19:47:29,913 INFO     ___FILE_ONLY___ ├─────────────────────────────────────────────────────┼────────────┼──────────┤
2024-07-08 19:47:29,913 INFO     ___FILE_ONLY___ 

2024-07-08 19:47:29,913 INFO     ___FILE_ONLY___ │ 
2024-07-08 19:47:29,913 INFO     ___FILE_ONLY___ BigQuery Command Line Tool                         
2024-07-08 19:47:29,913 INFO     ___FILE_ONLY___  
2024-07-08 19:47:29,913 INFO     ___FILE_ONLY___ │ 
2024-07-08 19:47:29,913 INFO     ___FILE_ONLY___      2.1.6
2024-07-08 19:47:29,913 INFO     ___FILE_ONLY___  
2024-07-08 19:47:29,913 INFO     ___FILE_ONLY___ │ 
2024-07-08 19:47:29,913 INFO     ___FILE_ONLY___  1.7 MiB
2024-07-08 19:47:29,913 INFO     ___FILE_ONLY___  
2024-07-08 19:47:29,913 INFO     ___FILE_ONLY___ │
2024-07-08 19:47:29,913 INFO     ___FILE_ONLY___ 

2024-07-08 19:47:29,913 INFO     ___FILE_ONLY___ │ 
2024-07-08 19:47:29,913 INFO     ___FILE_ONLY___ BigQuery Command Line Tool (Platform Specific)     
2024-07-08 19:47:29,914 INFO     ___FILE_ONLY___  
2024-07-08 19:47:29,914 INFO     ___FILE_ONLY___ │ 
2024-07-08 19:47:29,914 INFO     ___FILE_ONLY___    2.0.101
2024-07-08 19:47:29,914 INFO     ___FILE_ONLY___  
2024-07-08 19:47:29,914 INFO     ___FILE_ONLY___ │ 
2024-07-08 19:47:29,914 INFO     ___FILE_ONLY___  < 1 MiB
2024-07-08 19:47:29,914 INFO     ___FILE_ONLY___  
2024-07-08 19:47:29,914 INFO     ___FILE_ONLY___ │
2024-07-08 19:47:29,914 INFO     ___FILE_ONLY___ 

2024-07-08 19:47:29,914 INFO     ___FILE_ONLY___ │ 
2024-07-08 19:47:29,914 INFO     ___FILE_ONLY___ Bundled Python 3.11                                
2024-07-08 19:47:29,914 INFO     ___FILE_ONLY___  
2024-07-08 19:47:29,914 INFO     ___FILE_ONLY___ │ 
2024-07-08 19:47:29,914 INFO     ___FILE_ONLY___     3.11.8
2024-07-08 19:47:29,914 INFO     ___FILE_ONLY___  
2024-07-08 19:47:29,914 INFO     ___FILE_ONLY___ │ 
2024-07-08 19:47:29,915 INFO     ___FILE_ONLY___ 75.1 MiB
2024-07-08 19:47:29,915 INFO     ___FILE_ONLY___  
2024-07-08 19:47:29,915 INFO     ___FILE_ONLY___ │
2024-07-08 19:47:29,915 INFO     ___FILE_ONLY___ 

2024-07-08 19:47:29,915 INFO     ___FILE_ONLY___ │ 
2024-07-08 19:47:29,915 INFO     ___FILE_ONLY___ Cloud Storage Command Line Tool                    
2024-07-08 19:47:29,915 INFO     ___FILE_ONLY___  
2024-07-08 19:47:29,915 INFO     ___FILE_ONLY___ │ 
2024-07-08 19:47:29,915 INFO     ___FILE_ONLY___       5.30
2024-07-08 19:47:29,915 INFO     ___FILE_ONLY___  
2024-07-08 19:47:29,915 INFO     ___FILE_ONLY___ │ 
2024-07-08 19:47:29,915 INFO     ___FILE_ONLY___ 11.3 MiB
2024-07-08 19:47:29,915 INFO     ___FILE_ONLY___  
2024-07-08 19:47:29,915 INFO     ___FILE_ONLY___ │
2024-07-08 19:47:29,915 INFO     ___FILE_ONLY___ 

2024-07-08 19:47:29,915 INFO     ___FILE_ONLY___ │ 
2024-07-08 19:47:29,916 INFO     ___FILE_ONLY___ Cloud Storage Command Line Tool (Platform Specific)
2024-07-08 19:47:29,916 INFO     ___FILE_ONLY___  
2024-07-08 19:47:29,916 INFO     ___FILE_ONLY___ │ 
2024-07-08 19:47:29,916 INFO     ___FILE_ONLY___       5.27
2024-07-08 19:47:29,916 INFO     ___FILE_ONLY___  
2024-07-08 19:47:29,916 INFO     ___FILE_ONLY___ │ 
2024-07-08 19:47:29,916 INFO     ___FILE_ONLY___  < 1 MiB
2024-07-08 19:47:29,916 INFO     ___FILE_ONLY___  
2024-07-08 19:47:29,916 INFO     ___FILE_ONLY___ │
2024-07-08 19:47:29,916 INFO     ___FILE_ONLY___ 

2024-07-08 19:47:29,916 INFO     ___FILE_ONLY___ │ 
2024-07-08 19:47:29,916 INFO     ___FILE_ONLY___ Google Cloud CLI Core Libraries (Platform Specific)
2024-07-08 19:47:29,916 INFO     ___FILE_ONLY___  
2024-07-08 19:47:29,916 INFO     ___FILE_ONLY___ │ 
2024-07-08 19:47:29,916 INFO     ___FILE_ONLY___ 2024.01.06
2024-07-08 19:47:29,917 INFO     ___FILE_ONLY___  
2024-07-08 19:47:29,917 INFO     ___FILE_ONLY___ │ 
2024-07-08 19:47:29,917 INFO     ___FILE_ONLY___  < 1 MiB
2024-07-08 19:47:29,917 INFO     ___FILE_ONLY___  
2024-07-08 19:47:29,917 INFO     ___FILE_ONLY___ │
2024-07-08 19:47:29,917 INFO     ___FILE_ONLY___ 

2024-07-08 19:47:29,917 INFO     ___FILE_ONLY___ │ 
2024-07-08 19:47:29,917 INFO     ___FILE_ONLY___ Google Cloud CRC32C Hash Tool                      
2024-07-08 19:47:29,917 INFO     ___FILE_ONLY___  
2024-07-08 19:47:29,917 INFO     ___FILE_ONLY___ │ 
2024-07-08 19:47:29,917 INFO     ___FILE_ONLY___      1.0.0
2024-07-08 19:47:29,917 INFO     ___FILE_ONLY___  
2024-07-08 19:47:29,917 INFO     ___FILE_ONLY___ │ 
2024-07-08 19:47:29,917 INFO     ___FILE_ONLY___  1.2 MiB
2024-07-08 19:47:29,917 INFO     ___FILE_ONLY___  
2024-07-08 19:47:29,918 INFO     ___FILE_ONLY___ │
2024-07-08 19:47:29,918 INFO     ___FILE_ONLY___ 

2024-07-08 19:47:29,918 INFO     ___FILE_ONLY___ │ 
2024-07-08 19:47:29,918 INFO     ___FILE_ONLY___ gcloud cli dependencies                            
2024-07-08 19:47:29,918 INFO     ___FILE_ONLY___  
2024-07-08 19:47:29,918 INFO     ___FILE_ONLY___ │ 
2024-07-08 19:47:29,918 INFO     ___FILE_ONLY___ 2021.04.16
2024-07-08 19:47:29,918 INFO     ___FILE_ONLY___  
2024-07-08 19:47:29,918 INFO     ___FILE_ONLY___ │ 
2024-07-08 19:47:29,918 INFO     ___FILE_ONLY___  < 1 MiB
2024-07-08 19:47:29,918 INFO     ___FILE_ONLY___  
2024-07-08 19:47:29,918 INFO     ___FILE_ONLY___ │
2024-07-08 19:47:29,918 INFO     ___FILE_ONLY___ 

2024-07-08 19:47:29,918 INFO     ___FILE_ONLY___ └─────────────────────────────────────────────────────┴────────────┴──────────┘
2024-07-08 19:47:29,918 INFO     ___FILE_ONLY___ 

2024-07-08 19:47:29,919 INFO     ___FILE_ONLY___ 

2024-07-08 19:47:29,923 DEBUG    urllib3.connectionpool Starting new HTTPS connection (1): dl.google.com:443
2024-07-08 19:47:29,996 DEBUG    urllib3.connectionpool https://dl.google.com:443 "GET /dl/cloudsdk/channels/rapid/RELEASE_NOTES HTTP/1.1" 200 1238234
2024-07-08 19:47:30,027 INFO     ___FILE_ONLY___ For the latest full release notes, please visit:
  https://cloud.google.com/sdk/release_notes


2024-07-08 19:47:30,028 INFO     ___FILE_ONLY___ Performing in place update...


2024-07-08 19:47:30,036 INFO     ___FILE_ONLY___ ╔════════════════════════════════════════════════════════════╗

2024-07-08 19:47:30,036 INFO     ___FILE_ONLY___ ╠═ Downloading: BigQuery Command Line Tool                  ═╣

2024-07-08 19:47:30,036 INFO     ___FILE_ONLY___ ╚
2024-07-08 19:47:30,042 DEBUG    urllib3.connectionpool Starting new HTTPS connection (1): dl.google.com:443
2024-07-08 19:47:30,181 DEBUG    urllib3.connectionpool https://dl.google.com:443 "GET /dl/cloudsdk/channels/rapid/components/google-cloud-sdk-bq-20240628141907.tar.gz HTTP/1.1" 200 1805684
2024-07-08 19:47:30,208 INFO     ___FILE_ONLY___ ═
2024-07-08 19:47:30,208 INFO     ___FILE_ONLY___ ═
2024-07-08 19:47:30,208 INFO     ___FILE_ONLY___ ═
2024-07-08 19:47:30,208 INFO     ___FILE_ONLY___ ═
2024-07-08 19:47:30,209 INFO     ___FILE_ONLY___ ═
2024-07-08 19:47:30,209 INFO     ___FILE_ONLY___ ═
2024-07-08 19:47:30,209 INFO     ___FILE_ONLY___ ═
2024-07-08 19:47:30,209 INFO     ___FILE_ONLY___ ═
2024-07-08 19:47:30,209 INFO     ___FILE_ONLY___ ═
2024-07-08 19:47:30,209 INFO     ___FILE_ONLY___ ═
2024-07-08 19:47:30,209 INFO     ___FILE_ONLY___ ═
2024-07-08 19:47:30,209 INFO     ___FILE_ONLY___ ═
2024-07-08 19:47:30,209 INFO     ___FILE_ONLY___ ═
2024-07-08 19:47:30,210 INFO     ___FILE_ONLY___ ═
2024-07-08 19:47:30,210 INFO     ___FILE_ONLY___ ═
2024-07-08 19:47:30,210 INFO     ___FILE_ONLY___ ═
2024-07-08 19:47:30,210 INFO     ___FILE_ONLY___ ═
2024-07-08 19:47:30,210 INFO     ___FILE_ONLY___ ═
2024-07-08 19:47:30,210 INFO     ___FILE_ONLY___ ═
2024-07-08 19:47:30,210 INFO     ___FILE_ONLY___ ═
2024-07-08 19:47:30,210 INFO     ___FILE_ONLY___ ═
2024-07-08 19:47:30,210 INFO     ___FILE_ONLY___ ═
2024-07-08 19:47:30,210 INFO     ___FILE_ONLY___ ═
2024-07-08 19:47:30,211 INFO     ___FILE_ONLY___ ═
2024-07-08 19:47:30,211 INFO     ___FILE_ONLY___ ═
2024-07-08 19:47:30,211 INFO     ___FILE_ONLY___ ═
2024-07-08 19:47:30,211 INFO     ___FILE_ONLY___ ═
2024-07-08 19:47:30,211 INFO     ___FILE_ONLY___ ═
2024-07-08 19:47:30,211 INFO     ___FILE_ONLY___ ═
2024-07-08 19:47:30,211 INFO     ___FILE_ONLY___ ═
2024-07-08 19:47:30,211 INFO     ___FILE_ONLY___ ═
2024-07-08 19:47:30,211 INFO     ___FILE_ONLY___ ═
2024-07-08 19:47:30,211 INFO     ___FILE_ONLY___ ═
2024-07-08 19:47:30,212 INFO     ___FILE_ONLY___ ═
2024-07-08 19:47:30,212 INFO     ___FILE_ONLY___ ═
2024-07-08 19:47:30,212 INFO     ___FILE_ONLY___ ═
2024-07-08 19:47:30,212 INFO     ___FILE_ONLY___ ═
2024-07-08 19:47:30,212 INFO     ___FILE_ONLY___ ═
2024-07-08 19:47:30,212 INFO     ___FILE_ONLY___ ═
2024-07-08 19:47:30,212 INFO     ___FILE_ONLY___ ═
2024-07-08 19:47:30,212 INFO     ___FILE_ONLY___ ═
2024-07-08 19:47:30,212 INFO     ___FILE_ONLY___ ═
2024-07-08 19:47:30,212 INFO     ___FILE_ONLY___ ═
2024-07-08 19:47:30,213 INFO     ___FILE_ONLY___ ═
2024-07-08 19:47:30,213 INFO     ___FILE_ONLY___ ═
2024-07-08 19:47:30,213 INFO     ___FILE_ONLY___ ═
2024-07-08 19:47:30,213 INFO     ___FILE_ONLY___ ═
2024-07-08 19:47:30,213 INFO     ___FILE_ONLY___ ═
2024-07-08 19:47:30,213 INFO     ___FILE_ONLY___ ═
2024-07-08 19:47:30,213 INFO     ___FILE_ONLY___ ═
2024-07-08 19:47:30,213 INFO     ___FILE_ONLY___ ═
2024-07-08 19:47:30,213 INFO     ___FILE_ONLY___ ═
2024-07-08 19:47:30,213 INFO     ___FILE_ONLY___ ═
2024-07-08 19:47:30,214 INFO     ___FILE_ONLY___ ═
2024-07-08 19:47:30,214 INFO     ___FILE_ONLY___ ═
2024-07-08 19:47:30,214 INFO     ___FILE_ONLY___ ═
2024-07-08 19:47:30,214 INFO     ___FILE_ONLY___ ═
2024-07-08 19:47:30,214 INFO     ___FILE_ONLY___ ═
2024-07-08 19:47:30,214 INFO     ___FILE_ONLY___ ═
2024-07-08 19:47:30,214 INFO     ___FILE_ONLY___ ═
2024-07-08 19:47:30,214 INFO     ___FILE_ONLY___ ╝

2024-07-08 19:47:30,216 INFO     ___FILE_ONLY___ ╔════════════════════════════════════════════════════════════╗

2024-07-08 19:47:30,216 INFO     ___FILE_ONLY___ ╠═ Downloading: BigQuery Command Line Tool (Platform Spe... ═╣

2024-07-08 19:47:30,217 INFO     ___FILE_ONLY___ ╚
2024-07-08 19:47:30,220 DEBUG    urllib3.connectionpool Starting new HTTPS connection (1): dl.google.com:443
2024-07-08 19:47:30,354 DEBUG    urllib3.connectionpool https://dl.google.com:443 "GET /dl/cloudsdk/channels/rapid/components/google-cloud-sdk-bq-nix-20240106004423.tar.gz HTTP/1.1" 200 2026
2024-07-08 19:47:30,355 INFO     ___FILE_ONLY___ ════════════════════════════════════════════════════════════
2024-07-08 19:47:30,355 INFO     ___FILE_ONLY___ ╝

2024-07-08 19:47:30,358 INFO     ___FILE_ONLY___ ╔════════════════════════════════════════════════════════════╗

2024-07-08 19:47:30,358 INFO     ___FILE_ONLY___ ╠═ Downloading: Bundled Python 3.11                         ═╣

2024-07-08 19:47:30,358 INFO     ___FILE_ONLY___ ╚
2024-07-08 19:47:30,358 INFO     ___FILE_ONLY___ ════════════════════════════════════════════════════════════
2024-07-08 19:47:30,358 INFO     ___FILE_ONLY___ ╝

2024-07-08 19:47:30,360 INFO     ___FILE_ONLY___ ╔════════════════════════════════════════════════════════════╗

2024-07-08 19:47:30,360 INFO     ___FILE_ONLY___ ╠═ Downloading: Bundled Python 3.11                         ═╣

2024-07-08 19:47:30,360 INFO     ___FILE_ONLY___ ╚
2024-07-08 19:47:30,364 DEBUG    urllib3.connectionpool Starting new HTTPS connection (1): dl.google.com:443
2024-07-08 19:47:30,497 DEBUG    urllib3.connectionpool https://dl.google.com:443 "GET /dl/cloudsdk/channels/rapid/components/google-cloud-sdk-bundled-python3-unix-linux-x86_64-20240510142152.tar.gz HTTP/1.1" 200 78697278
2024-07-08 19:47:30,776 INFO     ___FILE_ONLY___ ═
2024-07-08 19:47:30,778 INFO     ___FILE_ONLY___ ═
2024-07-08 19:47:30,779 INFO     ___FILE_ONLY___ ═
2024-07-08 19:47:30,781 INFO     ___FILE_ONLY___ ═
2024-07-08 19:47:30,782 INFO     ___FILE_ONLY___ ═
2024-07-08 19:47:30,784 INFO     ___FILE_ONLY___ ═
2024-07-08 19:47:30,785 INFO     ___FILE_ONLY___ ═
2024-07-08 19:47:30,787 INFO     ___FILE_ONLY___ ═
2024-07-08 19:47:30,788 INFO     ___FILE_ONLY___ ═
2024-07-08 19:47:30,790 INFO     ___FILE_ONLY___ ═
2024-07-08 19:47:30,791 INFO     ___FILE_ONLY___ ═
2024-07-08 19:47:30,793 INFO     ___FILE_ONLY___ ═
2024-07-08 19:47:30,794 INFO     ___FILE_ONLY___ ═
2024-07-08 19:47:30,795 INFO     ___FILE_ONLY___ ═
2024-07-08 19:47:30,797 INFO     ___FILE_ONLY___ ═
2024-07-08 19:47:30,798 INFO     ___FILE_ONLY___ ═
2024-07-08 19:47:30,800 INFO     ___FILE_ONLY___ ═
2024-07-08 19:47:30,801 INFO     ___FILE_ONLY___ ═
2024-07-08 19:47:30,803 INFO     ___FILE_ONLY___ ═
2024-07-08 19:47:30,804 INFO     ___FILE_ONLY___ ═
2024-07-08 19:47:30,805 INFO     ___FILE_ONLY___ ═
2024-07-08 19:47:30,807 INFO     ___FILE_ONLY___ ═
2024-07-08 19:47:30,808 INFO     ___FILE_ONLY___ ═
2024-07-08 19:47:30,810 INFO     ___FILE_ONLY___ ═
2024-07-08 19:47:30,811 INFO     ___FILE_ONLY___ ═
2024-07-08 19:47:30,812 INFO     ___FILE_ONLY___ ═
2024-07-08 19:47:30,814 INFO     ___FILE_ONLY___ ═
2024-07-08 19:47:30,815 INFO     ___FILE_ONLY___ ═
2024-07-08 19:47:30,817 INFO     ___FILE_ONLY___ ═
2024-07-08 19:47:30,818 INFO     ___FILE_ONLY___ ═
2024-07-08 19:47:30,819 INFO     ___FILE_ONLY___ ═
2024-07-08 19:47:30,821 INFO     ___FILE_ONLY___ ═
2024-07-08 19:47:30,822 INFO     ___FILE_ONLY___ ═
2024-07-08 19:47:30,824 INFO     ___FILE_ONLY___ ═
2024-07-08 19:47:30,825 INFO     ___FILE_ONLY___ ═
2024-07-08 19:47:30,826 INFO     ___FILE_ONLY___ ═
2024-07-08 19:47:30,828 INFO     ___FILE_ONLY___ ═
2024-07-08 19:47:30,829 INFO     ___FILE_ONLY___ ═
2024-07-08 19:47:30,831 INFO     ___FILE_ONLY___ ═
2024-07-08 19:47:30,832 INFO     ___FILE_ONLY___ ═
2024-07-08 19:47:30,833 INFO     ___FILE_ONLY___ ═
2024-07-08 19:47:30,835 INFO     ___FILE_ONLY___ ═
2024-07-08 19:47:30,836 INFO     ___FILE_ONLY___ ═
2024-07-08 19:47:30,838 INFO     ___FILE_ONLY___ ═
2024-07-08 19:47:30,839 INFO     ___FILE_ONLY___ ═
2024-07-08 19:47:30,840 INFO     ___FILE_ONLY___ ═
2024-07-08 19:47:30,842 INFO     ___FILE_ONLY___ ═
2024-07-08 19:47:30,843 INFO     ___FILE_ONLY___ ═
2024-07-08 19:47:30,845 INFO     ___FILE_ONLY___ ═
2024-07-08 19:47:30,846 INFO     ___FILE_ONLY___ ═
2024-07-08 19:47:30,847 INFO     ___FILE_ONLY___ ═
2024-07-08 19:47:30,849 INFO     ___FILE_ONLY___ ═
2024-07-08 19:47:30,850 INFO     ___FILE_ONLY___ ═
2024-07-08 19:47:30,852 INFO     ___FILE_ONLY___ ═
2024-07-08 19:47:30,853 INFO     ___FILE_ONLY___ ═
2024-07-08 19:47:30,854 INFO     ___FILE_ONLY___ ═
2024-07-08 19:47:30,856 INFO     ___FILE_ONLY___ ═
2024-07-08 19:47:30,857 INFO     ___FILE_ONLY___ ═
2024-07-08 19:47:30,859 INFO     ___FILE_ONLY___ ═
2024-07-08 19:47:30,860 INFO     ___FILE_ONLY___ ═
2024-07-08 19:47:30,860 INFO     ___FILE_ONLY___ ╝

2024-07-08 19:47:30,862 INFO     ___FILE_ONLY___ ╔════════════════════════════════════════════════════════════╗

2024-07-08 19:47:30,863 INFO     ___FILE_ONLY___ ╠═ Downloading: Cloud Storage Command Line Tool             ═╣

2024-07-08 19:47:30,863 INFO     ___FILE_ONLY___ ╚
2024-07-08 19:47:30,866 DEBUG    urllib3.connectionpool Starting new HTTPS connection (1): dl.google.com:443
2024-07-08 19:47:30,995 DEBUG    urllib3.connectionpool https://dl.google.com:443 "GET /dl/cloudsdk/channels/rapid/components/google-cloud-sdk-gsutil-20240614142823.tar.gz HTTP/1.1" 200 11883175
2024-07-08 19:47:31,043 INFO     ___FILE_ONLY___ ═
2024-07-08 19:47:31,043 INFO     ___FILE_ONLY___ ═
2024-07-08 19:47:31,044 INFO     ___FILE_ONLY___ ═
2024-07-08 19:47:31,044 INFO     ___FILE_ONLY___ ═
2024-07-08 19:47:31,044 INFO     ___FILE_ONLY___ ═
2024-07-08 19:47:31,045 INFO     ___FILE_ONLY___ ═
2024-07-08 19:47:31,045 INFO     ___FILE_ONLY___ ═
2024-07-08 19:47:31,045 INFO     ___FILE_ONLY___ ═
2024-07-08 19:47:31,046 INFO     ___FILE_ONLY___ ═
2024-07-08 19:47:31,046 INFO     ___FILE_ONLY___ ═
2024-07-08 19:47:31,047 INFO     ___FILE_ONLY___ ═
2024-07-08 19:47:31,047 INFO     ___FILE_ONLY___ ═
2024-07-08 19:47:31,047 INFO     ___FILE_ONLY___ ═
2024-07-08 19:47:31,048 INFO     ___FILE_ONLY___ ═
2024-07-08 19:47:31,048 INFO     ___FILE_ONLY___ ═
2024-07-08 19:47:31,048 INFO     ___FILE_ONLY___ ═
2024-07-08 19:47:31,049 INFO     ___FILE_ONLY___ ═
2024-07-08 19:47:31,049 INFO     ___FILE_ONLY___ ═
2024-07-08 19:47:31,049 INFO     ___FILE_ONLY___ ═
2024-07-08 19:47:31,050 INFO     ___FILE_ONLY___ ═
2024-07-08 19:47:31,050 INFO     ___FILE_ONLY___ ═
2024-07-08 19:47:31,050 INFO     ___FILE_ONLY___ ═
2024-07-08 19:47:31,051 INFO     ___FILE_ONLY___ ═
2024-07-08 19:47:31,051 INFO     ___FILE_ONLY___ ═
2024-07-08 19:47:31,051 INFO     ___FILE_ONLY___ ═
2024-07-08 19:47:31,052 INFO     ___FILE_ONLY___ ═
2024-07-08 19:47:31,052 INFO     ___FILE_ONLY___ ═
2024-07-08 19:47:31,052 INFO     ___FILE_ONLY___ ═
2024-07-08 19:47:31,053 INFO     ___FILE_ONLY___ ═
2024-07-08 19:47:31,053 INFO     ___FILE_ONLY___ ═
2024-07-08 19:47:31,053 INFO     ___FILE_ONLY___ ═
2024-07-08 19:47:31,054 INFO     ___FILE_ONLY___ ═
2024-07-08 19:47:31,054 INFO     ___FILE_ONLY___ ═
2024-07-08 19:47:31,054 INFO     ___FILE_ONLY___ ═
2024-07-08 19:47:31,055 INFO     ___FILE_ONLY___ ═
2024-07-08 19:47:31,055 INFO     ___FILE_ONLY___ ═
2024-07-08 19:47:31,055 INFO     ___FILE_ONLY___ ═
2024-07-08 19:47:31,056 INFO     ___FILE_ONLY___ ═
2024-07-08 19:47:31,056 INFO     ___FILE_ONLY___ ═
2024-07-08 19:47:31,056 INFO     ___FILE_ONLY___ ═
2024-07-08 19:47:31,057 INFO     ___FILE_ONLY___ ═
2024-07-08 19:47:31,057 INFO     ___FILE_ONLY___ ═
2024-07-08 19:47:31,058 INFO     ___FILE_ONLY___ ═
2024-07-08 19:47:31,058 INFO     ___FILE_ONLY___ ═
2024-07-08 19:47:31,058 INFO     ___FILE_ONLY___ ═
2024-07-08 19:47:31,059 INFO     ___FILE_ONLY___ ═
2024-07-08 19:47:31,059 INFO     ___FILE_ONLY___ ═
2024-07-08 19:47:31,059 INFO     ___FILE_ONLY___ ═
2024-07-08 19:47:31,060 INFO     ___FILE_ONLY___ ═
2024-07-08 19:47:31,060 INFO     ___FILE_ONLY___ ═
2024-07-08 19:47:31,060 INFO     ___FILE_ONLY___ ═
2024-07-08 19:47:31,061 INFO     ___FILE_ONLY___ ═
2024-07-08 19:47:31,061 INFO     ___FILE_ONLY___ ═
2024-07-08 19:47:31,061 INFO     ___FILE_ONLY___ ═
2024-07-08 19:47:31,062 INFO     ___FILE_ONLY___ ═
2024-07-08 19:47:31,062 INFO     ___FILE_ONLY___ ═
2024-07-08 19:47:31,062 INFO     ___FILE_ONLY___ ═
2024-07-08 19:47:31,063 INFO     ___FILE_ONLY___ ═
2024-07-08 19:47:31,063 INFO     ___FILE_ONLY___ ═
2024-07-08 19:47:31,063 INFO     ___FILE_ONLY___ ═
2024-07-08 19:47:31,063 INFO     ___FILE_ONLY___ ╝

2024-07-08 19:47:31,066 INFO     ___FILE_ONLY___ ╔════════════════════════════════════════════════════════════╗

2024-07-08 19:47:31,066 INFO     ___FILE_ONLY___ ╠═ Downloading: Cloud Storage Command Line Tool (Platfor... ═╣

2024-07-08 19:47:31,066 INFO     ___FILE_ONLY___ ╚
2024-07-08 19:47:31,070 DEBUG    urllib3.connectionpool Starting new HTTPS connection (1): dl.google.com:443
2024-07-08 19:47:31,184 DEBUG    urllib3.connectionpool https://dl.google.com:443 "GET /dl/cloudsdk/channels/rapid/components/google-cloud-sdk-gsutil-nix-20240106004423.tar.gz HTTP/1.1" 200 2042
2024-07-08 19:47:31,185 INFO     ___FILE_ONLY___ ════════════════════════════════════════════════════════════
2024-07-08 19:47:31,185 INFO     ___FILE_ONLY___ ╝

2024-07-08 19:47:31,187 INFO     ___FILE_ONLY___ ╔════════════════════════════════════════════════════════════╗

2024-07-08 19:47:31,188 INFO     ___FILE_ONLY___ ╠═ Downloading: Default set of gcloud commands              ═╣

2024-07-08 19:47:31,188 INFO     ___FILE_ONLY___ ╚
2024-07-08 19:47:31,188 INFO     ___FILE_ONLY___ ════════════════════════════════════════════════════════════
2024-07-08 19:47:31,188 INFO     ___FILE_ONLY___ ╝

2024-07-08 19:47:31,190 INFO     ___FILE_ONLY___ ╔════════════════════════════════════════════════════════════╗

2024-07-08 19:47:31,190 INFO     ___FILE_ONLY___ ╠═ Downloading: Google Cloud CLI Core Libraries (Platfor... ═╣

2024-07-08 19:47:31,190 INFO     ___FILE_ONLY___ ╚
2024-07-08 19:47:31,193 DEBUG    urllib3.connectionpool Starting new HTTPS connection (1): dl.google.com:443
2024-07-08 19:47:31,270 DEBUG    urllib3.connectionpool https://dl.google.com:443 "GET /dl/cloudsdk/channels/rapid/components/google-cloud-sdk-core-nix-20240106004423.tar.gz HTTP/1.1" 200 2410
2024-07-08 19:47:31,271 INFO     ___FILE_ONLY___ ════════════════════════════════════════════════════════════
2024-07-08 19:47:31,271 INFO     ___FILE_ONLY___ ╝

2024-07-08 19:47:31,273 INFO     ___FILE_ONLY___ ╔════════════════════════════════════════════════════════════╗

2024-07-08 19:47:31,273 INFO     ___FILE_ONLY___ ╠═ Downloading: Google Cloud CRC32C Hash Tool               ═╣

2024-07-08 19:47:31,273 INFO     ___FILE_ONLY___ ╚
2024-07-08 19:47:31,277 DEBUG    urllib3.connectionpool Starting new HTTPS connection (1): dl.google.com:443
2024-07-08 19:47:31,353 DEBUG    urllib3.connectionpool https://dl.google.com:443 "GET /dl/cloudsdk/channels/rapid/components/google-cloud-sdk-gcloud-crc32c-linux-x86_64-20231215195722.tar.gz HTTP/1.1" 200 1287877
2024-07-08 19:47:31,363 INFO     ___FILE_ONLY___ ═
2024-07-08 19:47:31,363 INFO     ___FILE_ONLY___ ═
2024-07-08 19:47:31,363 INFO     ___FILE_ONLY___ ═
2024-07-08 19:47:31,363 INFO     ___FILE_ONLY___ ═
2024-07-08 19:47:31,364 INFO     ___FILE_ONLY___ ═
2024-07-08 19:47:31,364 INFO     ___FILE_ONLY___ ═
2024-07-08 19:47:31,364 INFO     ___FILE_ONLY___ ═
2024-07-08 19:47:31,364 INFO     ___FILE_ONLY___ ═
2024-07-08 19:47:31,364 INFO     ___FILE_ONLY___ ═
2024-07-08 19:47:31,364 INFO     ___FILE_ONLY___ ═
2024-07-08 19:47:31,364 INFO     ___FILE_ONLY___ ═
2024-07-08 19:47:31,364 INFO     ___FILE_ONLY___ ═
2024-07-08 19:47:31,364 INFO     ___FILE_ONLY___ ═
2024-07-08 19:47:31,364 INFO     ___FILE_ONLY___ ═
2024-07-08 19:47:31,365 INFO     ___FILE_ONLY___ ═
2024-07-08 19:47:31,365 INFO     ___FILE_ONLY___ ═
2024-07-08 19:47:31,365 INFO     ___FILE_ONLY___ ═
2024-07-08 19:47:31,365 INFO     ___FILE_ONLY___ ═
2024-07-08 19:47:31,365 INFO     ___FILE_ONLY___ ═
2024-07-08 19:47:31,365 INFO     ___FILE_ONLY___ ═
2024-07-08 19:47:31,365 INFO     ___FILE_ONLY___ ═
2024-07-08 19:47:31,365 INFO     ___FILE_ONLY___ ═
2024-07-08 19:47:31,365 INFO     ___FILE_ONLY___ ═
2024-07-08 19:47:31,365 INFO     ___FILE_ONLY___ ═
2024-07-08 19:47:31,365 INFO     ___FILE_ONLY___ ═
2024-07-08 19:47:31,366 INFO     ___FILE_ONLY___ ═
2024-07-08 19:47:31,366 INFO     ___FILE_ONLY___ ═
2024-07-08 19:47:31,366 INFO     ___FILE_ONLY___ ═
2024-07-08 19:47:31,366 INFO     ___FILE_ONLY___ ═
2024-07-08 19:47:31,366 INFO     ___FILE_ONLY___ ═
2024-07-08 19:47:31,366 INFO     ___FILE_ONLY___ ═
2024-07-08 19:47:31,366 INFO     ___FILE_ONLY___ ═
2024-07-08 19:47:31,366 INFO     ___FILE_ONLY___ ═
2024-07-08 19:47:31,366 INFO     ___FILE_ONLY___ ═
2024-07-08 19:47:31,366 INFO     ___FILE_ONLY___ ═
2024-07-08 19:47:31,366 INFO     ___FILE_ONLY___ ═
2024-07-08 19:47:31,367 INFO     ___FILE_ONLY___ ═
2024-07-08 19:47:31,367 INFO     ___FILE_ONLY___ ═
2024-07-08 19:47:31,367 INFO     ___FILE_ONLY___ ═
2024-07-08 19:47:31,367 INFO     ___FILE_ONLY___ ═
2024-07-08 19:47:31,367 INFO     ___FILE_ONLY___ ═
2024-07-08 19:47:31,367 INFO     ___FILE_ONLY___ ═
2024-07-08 19:47:31,367 INFO     ___FILE_ONLY___ ═
2024-07-08 19:47:31,367 INFO     ___FILE_ONLY___ ═
2024-07-08 19:47:31,367 INFO     ___FILE_ONLY___ ═
2024-07-08 19:47:31,367 INFO     ___FILE_ONLY___ ═
2024-07-08 19:47:31,367 INFO     ___FILE_ONLY___ ═
2024-07-08 19:47:31,368 INFO     ___FILE_ONLY___ ═
2024-07-08 19:47:31,368 INFO     ___FILE_ONLY___ ═
2024-07-08 19:47:31,368 INFO     ___FILE_ONLY___ ═
2024-07-08 19:47:31,368 INFO     ___FILE_ONLY___ ═
2024-07-08 19:47:31,368 INFO     ___FILE_ONLY___ ═
2024-07-08 19:47:31,368 INFO     ___FILE_ONLY___ ═
2024-07-08 19:47:31,368 INFO     ___FILE_ONLY___ ═
2024-07-08 19:47:31,368 INFO     ___FILE_ONLY___ ═
2024-07-08 19:47:31,368 INFO     ___FILE_ONLY___ ═
2024-07-08 19:47:31,368 INFO     ___FILE_ONLY___ ═
2024-07-08 19:47:31,368 INFO     ___FILE_ONLY___ ═
2024-07-08 19:47:31,369 INFO     ___FILE_ONLY___ ═
2024-07-08 19:47:31,369 INFO     ___FILE_ONLY___ ═
2024-07-08 19:47:31,369 INFO     ___FILE_ONLY___ ╝

2024-07-08 19:47:31,371 INFO     ___FILE_ONLY___ ╔════════════════════════════════════════════════════════════╗

2024-07-08 19:47:31,371 INFO     ___FILE_ONLY___ ╠═ Downloading: Google Cloud CRC32C Hash Tool               ═╣

2024-07-08 19:47:31,371 INFO     ___FILE_ONLY___ ╚
2024-07-08 19:47:31,371 INFO     ___FILE_ONLY___ ════════════════════════════════════════════════════════════
2024-07-08 19:47:31,371 INFO     ___FILE_ONLY___ ╝

2024-07-08 19:47:31,373 INFO     ___FILE_ONLY___ ╔════════════════════════════════════════════════════════════╗

2024-07-08 19:47:31,373 INFO     ___FILE_ONLY___ ╠═ Downloading: gcloud cli dependencies                     ═╣

2024-07-08 19:47:31,373 INFO     ___FILE_ONLY___ ╚
2024-07-08 19:47:31,377 DEBUG    urllib3.connectionpool Starting new HTTPS connection (1): dl.google.com:443
2024-07-08 19:47:31,510 DEBUG    urllib3.connectionpool https://dl.google.com:443 "GET /dl/cloudsdk/channels/rapid/components/google-cloud-sdk-gcloud-deps-linux-x86_64-20210416153011.tar.gz HTTP/1.1" 200 104
2024-07-08 19:47:31,511 INFO     ___FILE_ONLY___ ════════════════════════════════════════════════════════════
2024-07-08 19:47:31,511 INFO     ___FILE_ONLY___ ╝

2024-07-08 19:47:31,514 INFO     ___FILE_ONLY___ ╔════════════════════════════════════════════════════════════╗

2024-07-08 19:47:31,514 INFO     ___FILE_ONLY___ ╠═ Installing: BigQuery Command Line Tool                   ═╣

2024-07-08 19:47:31,514 INFO     ___FILE_ONLY___ ╚
2024-07-08 19:47:31,639 INFO     ___FILE_ONLY___ ═
2024-07-08 19:47:31,643 INFO     ___FILE_ONLY___ ═
2024-07-08 19:47:31,646 INFO     ___FILE_ONLY___ ═
2024-07-08 19:47:31,648 INFO     ___FILE_ONLY___ ═
2024-07-08 19:47:31,651 INFO     ___FILE_ONLY___ ═
2024-07-08 19:47:31,653 INFO     ___FILE_ONLY___ ═
2024-07-08 19:47:31,655 INFO     ___FILE_ONLY___ ═
2024-07-08 19:47:31,658 INFO     ___FILE_ONLY___ ═
2024-07-08 19:47:31,660 INFO     ___FILE_ONLY___ ═
2024-07-08 19:47:31,662 INFO     ___FILE_ONLY___ ═
2024-07-08 19:47:31,664 INFO     ___FILE_ONLY___ ═
2024-07-08 19:47:31,666 INFO     ___FILE_ONLY___ ═
2024-07-08 19:47:31,668 INFO     ___FILE_ONLY___ ═
2024-07-08 19:47:31,671 INFO     ___FILE_ONLY___ ═
2024-07-08 19:47:31,673 INFO     ___FILE_ONLY___ ═
2024-07-08 19:47:31,675 INFO     ___FILE_ONLY___ ═
2024-07-08 19:47:31,677 INFO     ___FILE_ONLY___ ═
2024-07-08 19:47:31,681 INFO     ___FILE_ONLY___ ═
2024-07-08 19:47:31,683 INFO     ___FILE_ONLY___ ═
2024-07-08 19:47:31,685 INFO     ___FILE_ONLY___ ═
2024-07-08 19:47:31,687 INFO     ___FILE_ONLY___ ═
2024-07-08 19:47:31,689 INFO     ___FILE_ONLY___ ═
2024-07-08 19:47:31,691 INFO     ___FILE_ONLY___ ═
2024-07-08 19:47:31,693 INFO     ___FILE_ONLY___ ═
2024-07-08 19:47:31,695 INFO     ___FILE_ONLY___ ═
2024-07-08 19:47:31,697 INFO     ___FILE_ONLY___ ═
2024-07-08 19:47:31,699 INFO     ___FILE_ONLY___ ═
2024-07-08 19:47:31,702 INFO     ___FILE_ONLY___ ═
2024-07-08 19:47:31,705 INFO     ___FILE_ONLY___ ═
2024-07-08 19:47:31,707 INFO     ___FILE_ONLY___ ═
2024-07-08 19:47:31,709 INFO     ___FILE_ONLY___ ═
2024-07-08 19:47:31,711 INFO     ___FILE_ONLY___ ═
2024-07-08 19:47:31,714 INFO     ___FILE_ONLY___ ═
2024-07-08 19:47:31,718 INFO     ___FILE_ONLY___ ═
2024-07-08 19:47:31,720 INFO     ___FILE_ONLY___ ═
2024-07-08 19:47:31,722 INFO     ___FILE_ONLY___ ═
2024-07-08 19:47:31,727 INFO     ___FILE_ONLY___ ═
2024-07-08 19:47:31,729 INFO     ___FILE_ONLY___ ═
2024-07-08 19:47:31,731 INFO     ___FILE_ONLY___ ═
2024-07-08 19:47:31,734 INFO     ___FILE_ONLY___ ═
2024-07-08 19:47:31,736 INFO     ___FILE_ONLY___ ═
2024-07-08 19:47:31,739 INFO     ___FILE_ONLY___ ═
2024-07-08 19:47:31,742 INFO     ___FILE_ONLY___ ═
2024-07-08 19:47:31,745 INFO     ___FILE_ONLY___ ═
2024-07-08 19:47:31,747 INFO     ___FILE_ONLY___ ═
2024-07-08 19:47:31,749 INFO     ___FILE_ONLY___ ═
2024-07-08 19:47:31,751 INFO     ___FILE_ONLY___ ═
2024-07-08 19:47:31,753 INFO     ___FILE_ONLY___ ═
2024-07-08 19:47:31,756 INFO     ___FILE_ONLY___ ═
2024-07-08 19:47:31,758 INFO     ___FILE_ONLY___ ═
2024-07-08 19:47:31,759 INFO     ___FILE_ONLY___ ═
2024-07-08 19:47:31,762 INFO     ___FILE_ONLY___ ═
2024-07-08 19:47:31,764 INFO     ___FILE_ONLY___ ═
2024-07-08 19:47:31,766 INFO     ___FILE_ONLY___ ═
2024-07-08 19:47:31,768 INFO     ___FILE_ONLY___ ═
2024-07-08 19:47:31,770 INFO     ___FILE_ONLY___ ═
2024-07-08 19:47:31,772 INFO     ___FILE_ONLY___ ═
2024-07-08 19:47:31,774 INFO     ___FILE_ONLY___ ═
2024-07-08 19:47:31,776 INFO     ___FILE_ONLY___ ═
2024-07-08 19:47:31,779 INFO     ___FILE_ONLY___ ═
2024-07-08 19:47:31,779 INFO     ___FILE_ONLY___ ╝

2024-07-08 19:47:31,795 INFO     ___FILE_ONLY___ ╔════════════════════════════════════════════════════════════╗

2024-07-08 19:47:31,795 INFO     ___FILE_ONLY___ ╠═ Installing: BigQuery Command Line Tool (Platform Spec... ═╣

2024-07-08 19:47:31,795 INFO     ___FILE_ONLY___ ╚
2024-07-08 19:47:31,796 INFO     ___FILE_ONLY___ ════════════════════════════════════════════════════════════
2024-07-08 19:47:31,796 INFO     ___FILE_ONLY___ ╝

2024-07-08 19:47:31,803 INFO     ___FILE_ONLY___ ╔════════════════════════════════════════════════════════════╗

2024-07-08 19:47:31,803 INFO     ___FILE_ONLY___ ╠═ Installing: Bundled Python 3.11                          ═╣

2024-07-08 19:47:31,803 INFO     ___FILE_ONLY___ ╚
2024-07-08 19:47:31,807 INFO     ___FILE_ONLY___ ════════════════════════════════════════════════════════════
2024-07-08 19:47:31,807 INFO     ___FILE_ONLY___ ╝

2024-07-08 19:47:31,809 INFO     ___FILE_ONLY___ ╔════════════════════════════════════════════════════════════╗

2024-07-08 19:47:31,809 INFO     ___FILE_ONLY___ ╠═ Installing: Bundled Python 3.11                          ═╣

2024-07-08 19:47:31,809 INFO     ___FILE_ONLY___ ╚
2024-07-08 19:47:34,011 INFO     ___FILE_ONLY___ ═
2024-07-08 19:47:34,023 INFO     ___FILE_ONLY___ ═
2024-07-08 19:47:34,035 INFO     ___FILE_ONLY___ ═
2024-07-08 19:47:34,048 INFO     ___FILE_ONLY___ ═
2024-07-08 19:47:34,061 INFO     ___FILE_ONLY___ ═
2024-07-08 19:47:34,074 INFO     ___FILE_ONLY___ ═
2024-07-08 19:47:34,086 INFO     ___FILE_ONLY___ ═
2024-07-08 19:47:34,098 INFO     ___FILE_ONLY___ ═
2024-07-08 19:47:34,111 INFO     ___FILE_ONLY___ ═
2024-07-08 19:47:34,124 INFO     ___FILE_ONLY___ ═
2024-07-08 19:47:34,136 INFO     ___FILE_ONLY___ ═
2024-07-08 19:47:34,149 INFO     ___FILE_ONLY___ ═
2024-07-08 19:47:34,161 INFO     ___FILE_ONLY___ ═
2024-07-08 19:47:34,173 INFO     ___FILE_ONLY___ ═
2024-07-08 19:47:34,186 INFO     ___FILE_ONLY___ ═
2024-07-08 19:47:34,199 INFO     ___FILE_ONLY___ ═
2024-07-08 19:47:34,211 INFO     ___FILE_ONLY___ ═
2024-07-08 19:47:34,224 INFO     ___FILE_ONLY___ ═
2024-07-08 19:47:34,236 INFO     ___FILE_ONLY___ ═
2024-07-08 19:47:34,248 INFO     ___FILE_ONLY___ ═
2024-07-08 19:47:34,263 INFO     ___FILE_ONLY___ ═
2024-07-08 19:47:34,275 INFO     ___FILE_ONLY___ ═
2024-07-08 19:47:34,288 INFO     ___FILE_ONLY___ ═
2024-07-08 19:47:34,300 INFO     ___FILE_ONLY___ ═
2024-07-08 19:47:34,313 INFO     ___FILE_ONLY___ ═
2024-07-08 19:47:34,325 INFO     ___FILE_ONLY___ ═
2024-07-08 19:47:34,338 INFO     ___FILE_ONLY___ ═
2024-07-08 19:47:34,351 INFO     ___FILE_ONLY___ ═
2024-07-08 19:47:34,364 INFO     ___FILE_ONLY___ ═
2024-07-08 19:47:34,376 INFO     ___FILE_ONLY___ ═
2024-07-08 19:47:34,388 INFO     ___FILE_ONLY___ ═
2024-07-08 19:47:34,401 INFO     ___FILE_ONLY___ ═
2024-07-08 19:47:34,414 INFO     ___FILE_ONLY___ ═
2024-07-08 19:47:34,428 INFO     ___FILE_ONLY___ ═
2024-07-08 19:47:34,791 INFO     ___FILE_ONLY___ ═
2024-07-08 19:47:34,815 INFO     ___FILE_ONLY___ ═
2024-07-08 19:47:34,831 INFO     ___FILE_ONLY___ ═
2024-07-08 19:47:34,851 INFO     ___FILE_ONLY___ ═
2024-07-08 19:47:34,871 INFO     ___FILE_ONLY___ ═
2024-07-08 19:47:34,902 INFO     ___FILE_ONLY___ ═
2024-07-08 19:47:34,922 INFO     ___FILE_ONLY___ ═
2024-07-08 19:47:34,941 INFO     ___FILE_ONLY___ ═
2024-07-08 19:47:35,079 INFO     ___FILE_ONLY___ ═
2024-07-08 19:47:35,095 INFO     ___FILE_ONLY___ ═
2024-07-08 19:47:35,217 INFO     ___FILE_ONLY___ ═
2024-07-08 19:47:35,234 INFO     ___FILE_ONLY___ ═
2024-07-08 19:47:35,252 INFO     ___FILE_ONLY___ ═
2024-07-08 19:47:35,273 INFO     ___FILE_ONLY___ ═
2024-07-08 19:47:35,291 INFO     ___FILE_ONLY___ ═
2024-07-08 19:47:35,314 INFO     ___FILE_ONLY___ ═
2024-07-08 19:47:35,338 INFO     ___FILE_ONLY___ ═
2024-07-08 19:47:35,382 INFO     ___FILE_ONLY___ ═
2024-07-08 19:47:35,400 INFO     ___FILE_ONLY___ ═
2024-07-08 19:47:35,418 INFO     ___FILE_ONLY___ ═
2024-07-08 19:47:35,439 INFO     ___FILE_ONLY___ ═
2024-07-08 19:47:35,463 INFO     ___FILE_ONLY___ ═
2024-07-08 19:47:35,491 INFO     ___FILE_ONLY___ ═
2024-07-08 19:47:36,622 INFO     ___FILE_ONLY___ ═
2024-07-08 19:47:36,636 INFO     ___FILE_ONLY___ ═
2024-07-08 19:47:36,652 INFO     ___FILE_ONLY___ ═
2024-07-08 19:47:36,652 INFO     ___FILE_ONLY___ ╝

2024-07-08 19:47:36,734 INFO     ___FILE_ONLY___ ╔════════════════════════════════════════════════════════════╗

2024-07-08 19:47:36,735 INFO     ___FILE_ONLY___ ╠═ Installing: Cloud Storage Command Line Tool              ═╣

2024-07-08 19:47:36,735 INFO     ___FILE_ONLY___ ╚
2024-07-08 19:47:37,430 INFO     ___FILE_ONLY___ ═
2024-07-08 19:47:37,444 INFO     ___FILE_ONLY___ ═
2024-07-08 19:47:37,459 INFO     ___FILE_ONLY___ ═
2024-07-08 19:47:37,481 INFO     ___FILE_ONLY___ ═
2024-07-08 19:47:37,499 INFO     ___FILE_ONLY___ ═
2024-07-08 19:47:37,517 INFO     ___FILE_ONLY___ ═
2024-07-08 19:47:37,533 INFO     ___FILE_ONLY___ ═
2024-07-08 19:47:37,557 INFO     ___FILE_ONLY___ ═
2024-07-08 19:47:37,573 INFO     ___FILE_ONLY___ ═
2024-07-08 19:47:37,583 INFO     ___FILE_ONLY___ ═
2024-07-08 19:47:37,594 INFO     ___FILE_ONLY___ ═
2024-07-08 19:47:37,633 INFO     ___FILE_ONLY___ ═
2024-07-08 19:47:37,643 INFO     ___FILE_ONLY___ ═
2024-07-08 19:47:37,656 INFO     ___FILE_ONLY___ ═
2024-07-08 19:47:37,668 INFO     ___FILE_ONLY___ ═
2024-07-08 19:47:37,677 INFO     ___FILE_ONLY___ ═
2024-07-08 19:47:37,687 INFO     ___FILE_ONLY___ ═
2024-07-08 19:47:37,699 INFO     ___FILE_ONLY___ ═
2024-07-08 19:47:37,710 INFO     ___FILE_ONLY___ ═
2024-07-08 19:47:37,722 INFO     ___FILE_ONLY___ ═
2024-07-08 19:47:37,734 INFO     ___FILE_ONLY___ ═
2024-07-08 19:47:37,745 INFO     ___FILE_ONLY___ ═
2024-07-08 19:47:37,757 INFO     ___FILE_ONLY___ ═
2024-07-08 19:47:37,771 INFO     ___FILE_ONLY___ ═
2024-07-08 19:47:37,783 INFO     ___FILE_ONLY___ ═
2024-07-08 19:47:37,797 INFO     ___FILE_ONLY___ ═
2024-07-08 19:47:37,812 INFO     ___FILE_ONLY___ ═
2024-07-08 19:47:37,827 INFO     ___FILE_ONLY___ ═
2024-07-08 19:47:37,840 INFO     ___FILE_ONLY___ ═
2024-07-08 19:47:37,861 INFO     ___FILE_ONLY___ ═
2024-07-08 19:47:37,874 INFO     ___FILE_ONLY___ ═
2024-07-08 19:47:37,888 INFO     ___FILE_ONLY___ ═
2024-07-08 19:47:37,899 INFO     ___FILE_ONLY___ ═
2024-07-08 19:47:37,917 INFO     ___FILE_ONLY___ ═
2024-07-08 19:47:37,929 INFO     ___FILE_ONLY___ ═
2024-07-08 19:47:37,943 INFO     ___FILE_ONLY___ ═
2024-07-08 19:47:37,959 INFO     ___FILE_ONLY___ ═
2024-07-08 19:47:37,977 INFO     ___FILE_ONLY___ ═
2024-07-08 19:47:37,993 INFO     ___FILE_ONLY___ ═
2024-07-08 19:47:38,013 INFO     ___FILE_ONLY___ ═
2024-07-08 19:47:38,028 INFO     ___FILE_ONLY___ ═
2024-07-08 19:47:38,041 INFO     ___FILE_ONLY___ ═
2024-07-08 19:47:38,054 INFO     ___FILE_ONLY___ ═
2024-07-08 19:47:38,070 INFO     ___FILE_ONLY___ ═
2024-07-08 19:47:38,085 INFO     ___FILE_ONLY___ ═
2024-07-08 19:47:38,099 INFO     ___FILE_ONLY___ ═
2024-07-08 19:47:38,114 INFO     ___FILE_ONLY___ ═
2024-07-08 19:47:38,126 INFO     ___FILE_ONLY___ ═
2024-07-08 19:47:38,141 INFO     ___FILE_ONLY___ ═
2024-07-08 19:47:38,153 INFO     ___FILE_ONLY___ ═
2024-07-08 19:47:38,163 INFO     ___FILE_ONLY___ ═
2024-07-08 19:47:38,174 INFO     ___FILE_ONLY___ ═
2024-07-08 19:47:38,185 INFO     ___FILE_ONLY___ ═
2024-07-08 19:47:38,195 INFO     ___FILE_ONLY___ ═
2024-07-08 19:47:38,206 INFO     ___FILE_ONLY___ ═
2024-07-08 19:47:38,215 INFO     ___FILE_ONLY___ ═
2024-07-08 19:47:38,225 INFO     ___FILE_ONLY___ ═
2024-07-08 19:47:38,245 INFO     ___FILE_ONLY___ ═
2024-07-08 19:47:38,262 INFO     ___FILE_ONLY___ ═
2024-07-08 19:47:38,279 INFO     ___FILE_ONLY___ ═
2024-07-08 19:47:38,279 INFO     ___FILE_ONLY___ ╝

2024-07-08 19:47:38,333 INFO     ___FILE_ONLY___ ╔════════════════════════════════════════════════════════════╗

2024-07-08 19:47:38,333 INFO     ___FILE_ONLY___ ╠═ Installing: Cloud Storage Command Line Tool (Platform... ═╣

2024-07-08 19:47:38,333 INFO     ___FILE_ONLY___ ╚
2024-07-08 19:47:38,334 INFO     ___FILE_ONLY___ ════════════════════════════════════════════════════════════
2024-07-08 19:47:38,334 INFO     ___FILE_ONLY___ ╝

2024-07-08 19:47:38,340 INFO     ___FILE_ONLY___ ╔════════════════════════════════════════════════════════════╗

2024-07-08 19:47:38,340 INFO     ___FILE_ONLY___ ╠═ Installing: Default set of gcloud commands               ═╣

2024-07-08 19:47:38,340 INFO     ___FILE_ONLY___ ╚
2024-07-08 19:47:38,345 INFO     ___FILE_ONLY___ ════════════════════════════════════════════════════════════
2024-07-08 19:47:38,345 INFO     ___FILE_ONLY___ ╝

2024-07-08 19:47:38,347 INFO     ___FILE_ONLY___ ╔════════════════════════════════════════════════════════════╗

2024-07-08 19:47:38,347 INFO     ___FILE_ONLY___ ╠═ Installing: Google Cloud CLI Core Libraries (Platform... ═╣

2024-07-08 19:47:38,347 INFO     ___FILE_ONLY___ ╚
2024-07-08 19:47:38,348 INFO     ___FILE_ONLY___ ══════════════════════════════
2024-07-08 19:47:38,348 INFO     ___FILE_ONLY___ ══════════════════════════════
2024-07-08 19:47:38,348 INFO     ___FILE_ONLY___ ╝

2024-07-08 19:47:38,355 INFO     ___FILE_ONLY___ ╔════════════════════════════════════════════════════════════╗

2024-07-08 19:47:38,355 INFO     ___FILE_ONLY___ ╠═ Installing: Google Cloud CRC32C Hash Tool                ═╣

2024-07-08 19:47:38,355 INFO     ___FILE_ONLY___ ╚
2024-07-08 19:47:38,390 INFO     ___FILE_ONLY___ ══════════════════════════════
2024-07-08 19:47:38,391 INFO     ___FILE_ONLY___ ══════════════════════════════
2024-07-08 19:47:38,391 INFO     ___FILE_ONLY___ ╝

2024-07-08 19:47:38,398 INFO     ___FILE_ONLY___ ╔════════════════════════════════════════════════════════════╗

2024-07-08 19:47:38,398 INFO     ___FILE_ONLY___ ╠═ Installing: Google Cloud CRC32C Hash Tool                ═╣

2024-07-08 19:47:38,398 INFO     ___FILE_ONLY___ ╚
2024-07-08 19:47:38,403 INFO     ___FILE_ONLY___ ════════════════════════════════════════════════════════════
2024-07-08 19:47:38,403 INFO     ___FILE_ONLY___ ╝

2024-07-08 19:47:38,405 INFO     ___FILE_ONLY___ ╔════════════════════════════════════════════════════════════╗

2024-07-08 19:47:38,405 INFO     ___FILE_ONLY___ ╠═ Installing: gcloud cli dependencies                      ═╣

2024-07-08 19:47:38,405 INFO     ___FILE_ONLY___ ╚
2024-07-08 19:47:38,406 INFO     ___FILE_ONLY___ ════════════════════════════════════════════════════════════
2024-07-08 19:47:38,406 INFO     ___FILE_ONLY___ ╝

2024-07-08 19:47:38,427 DEBUG    root            Updating notification cache...
2024-07-08 19:47:38,428 INFO     ___FILE_ONLY___ 

2024-07-08 19:47:38,430 INFO     ___FILE_ONLY___ Performing post processing steps...
2024-07-08 19:47:38,430 DEBUG    root            Executing command: ['/tools/google-cloud-sdk/bin/gcloud', 'components', 'post-process']
2024-07-08 19:47:48,106 DEBUG    ___FILE_ONLY___ 
2024-07-08 19:47:48,106 DEBUG    ___FILE_ONLY___ 
2024-07-08 19:47:48,194 INFO     ___FILE_ONLY___ 
Update done!


2024-07-08 19:47:48,197 DEBUG    root            Chosen display Format:none
2024-07-08 19:47:48,198 INFO     root            Display format: "none"
